<?xml version="1.0" encoding="UTF-8"?>
<testsuite xmlns:xsi="http://www.w3.org/2001/XMLSchema-instance" xsi:noNamespaceSchemaLocation="https://maven.apache.org/surefire/maven-surefire-plugin/xsd/surefire-test-report.xsd" name="com.example.player.PlayerControllerTests" time="50.998" tests="13" errors="3" skipped="0" failures="1">
  <properties>
[...]
</properties>
  <testcase name="testgetPlayers" classname="com.example.player.PlayerControllerTests" time="3.792"/>
  <testcase name="testgetNotFound" classname="com.example.player.PlayerControllerTests" time="0.497"/>
  <testcase name="testgetPlayerById" classname="com.example.player.PlayerControllerTests" time="0.61"/>
  <testcase name="testpost" classname="com.example.player.PlayerControllerTests" time="0.687"/>
  <testcase name="testafterpost" classname="com.example.player.PlayerControllerTests" time="0.102"/>
  <testcase name="testDbAfterPost" classname="com.example.player.PlayerControllerTests" time="0.1"/>
  <testcase name="testputNotFound" classname="com.example.player.PlayerControllerTests" time="0.296">
    <error message="Request processing failed; nested exception is org.springframework.dao.EmptyResultDataAccessException: Incorrect result size: expected 1, actual 0" type="org.springframework.web.util.NestedServletException">org.springframework.web.util.NestedServletException: Request processing failed; nested exception is org.springframework.dao.EmptyResultDataAccessException: Incorrect result size: expected 1, actual 0
	at com.example.player.PlayerControllerTests.testputNotFound(PlayerControllerTests.java:229)
Caused by: org.springframework.dao.EmptyResultDataAccessException: Incorrect result size: expected 1, actual 0
	at com.example.player.PlayerControllerTests.testputNotFound(PlayerControllerTests.java:229)
</error>
  </testcase>
  <testcase name="testput" classname="com.example.player.PlayerControllerTests" time="0.097"/>
  <testcase name="testafterput" classname="com.example.player.PlayerControllerTests" time="0.009"/>
  <testcase name="testDbAfterPut" classname="com.example.player.PlayerControllerTests" time="0.089"/>
  <testcase name="testdeleteNotFound" classname="com.example.player.PlayerControllerTests" time="1.3">
    <error message="Request processing failed; nested exception is org.springframework.jdbc.BadSqlGrammarException: PreparedStatementCallback; bad SQL grammar [delete from player where playerId=?]; nested exception is org.h2.jdbc.JdbcSQLSyntaxErrorException: Table &quot;PLAYER&quot; not found; SQL statement:&#10;delete from player where playerId=? [42102-214]" type="org.springframework.web.util.NestedServletException">org.springframework.web.util.NestedServletException: 
Request processing failed; nested exception is org.springframework.jdbc.BadSqlGrammarException: PreparedStatementCallback; bad SQL grammar [delete from player where playerId=?]; nested exception is org.h2.jdbc.JdbcSQLSyntaxErrorException: Table "PLAYER" not found; SQL statement:
delete from player where playerId=? [42102-214]
	at com.example.player.PlayerControllerTests.testdeleteNotFound(PlayerControllerTests.java:280)
Caused by: org.springframework.jdbc.BadSqlGrammarException: 
PreparedStatementCallback; bad SQL grammar [delete from player where playerId=?]; nested exception is org.h2.jdbc.JdbcSQLSyntaxErrorException: Table "PLAYER" not found; SQL statement:
delete from player where playerId=? [42102-214]
	at com.example.player.PlayerControllerTests.testdeleteNotFound(PlayerControllerTests.java:280)
Caused by: org.h2.jdbc.JdbcSQLSyntaxErrorException: 
Table "PLAYER" not found; SQL statement:
delete from player where playerId=? [42102-214]
	at com.example.player.PlayerControllerTests.testdeleteNotFound(PlayerControllerTests.java:280)
</error>
  </testcase>
  <testcase name="testdelete" classname="com.example.player.PlayerControllerTests" time="0.009">
    <error message="Request processing failed; nested exception is org.springframework.jdbc.BadSqlGrammarException: PreparedStatementCallback; bad SQL grammar [delete from player where playerId=?]; nested exception is org.h2.jdbc.JdbcSQLSyntaxErrorException: Table &quot;PLAYER&quot; not found; SQL statement:&#10;delete from player where playerId=? [42102-214]" type="org.springframework.web.util.NestedServletException">org.springframework.web.util.NestedServletException: 
Request processing failed; nested exception is org.springframework.jdbc.BadSqlGrammarException: PreparedStatementCallback; bad SQL grammar [delete from player where playerId=?]; nested exception is org.h2.jdbc.JdbcSQLSyntaxErrorException: Table "PLAYER" not found; SQL statement:
delete from player where playerId=? [42102-214]
	at com.example.player.PlayerControllerTests.testdelete(PlayerControllerTests.java:290)
Caused by: org.springframework.jdbc.BadSqlGrammarException: 
PreparedStatementCallback; bad SQL grammar [delete from player where playerId=?]; nested exception is org.h2.jdbc.JdbcSQLSyntaxErrorException: Table "PLAYER" not found; SQL statement:
delete from player where playerId=? [42102-214]
	at com.example.player.PlayerControllerTests.testdelete(PlayerControllerTests.java:290)
Caused by: org.h2.jdbc.JdbcSQLSyntaxErrorException: 
Table "PLAYER" not found; SQL statement:
delete from player where playerId=? [42102-214]
	at com.example.player.PlayerControllerTests.testdelete(PlayerControllerTests.java:290)
</error>
  </testcase>
  <testcase name="testafterdelete" classname="com.example.player.PlayerControllerTests" time="0.296">
    <failure message="JSON path &quot;$&quot;&#10;Expected: a collection with size &lt;11&gt;&#10;     but: collection size was &lt;12&gt;" type="java.lang.AssertionError"><![CDATA[java.lang.AssertionError: 
JSON path "$"
Expected: a collection with size <11>
     but: collection size was <12>
	at com.example.player.PlayerControllerTests.testafterdelete(PlayerControllerTests.java:297)
]]></failure>
    <system-out><![CDATA[
MockHttpServletRequest:
      HTTP Method = GET
      Request URI = /players
       Parameters = {}
          Headers = []
             Body = null
    Session Attrs = {}

Handler:
             Type = com.example.player.controller.PlayerController
           Method = com.example.player.controller.PlayerController#getPlayers()

Async:
    Async started = false
     Async result = null

Resolved Exception:
             Type = null

ModelAndView:
        View name = null
             View = null
            Model = null

FlashMap:
       Attributes = null

MockHttpServletResponse:
           Status = 200
    Error message = null
          Headers = [Content-Type:"application/json"]
     Content type = application/json
             Body = [{"playerId":1,"playerName":"Alexander","jerseyNumber":5,"role":"All-rounder"},{"playerId":2,"playerName":"Benjamin","jerseyNumber":3,"role":"All-rounder"},{"playerId":3,"playerName":"Yuvi","jerseyNumber":12,"role":"All-rounder"},{"playerId":4,"playerName":"William","jerseyNumber":45,"role":"Batsman"},{"playerId":5,"playerName":"Joshua","jerseyNumber":19,"role":"Batsman"},{"playerId":6,"playerName":"Daniel","jerseyNumber":10,"role":"Bowler"},{"playerId":7,"playerName":"Matthew","jerseyNumber":34,"role":"Bowler"},{"playerId":8,"playerName":"Samuel","jerseyNumber":17,"role":"Batsman"},{"playerId":9,"playerName":"John","jerseyNumber":1,"role":"Bowler"},{"playerId":10,"playerName":"Earnest","jerseyNumber":2,"role":"All-rounder"},{"playerId":11,"playerName":"Bob","jerseyNumber":25,"role":"Batsman"},{"playerId":12,"playerName":"Prince","jerseyNumber":24,"role":"Bowler"}]
    Forwarded URL = null
   Redirected URL = null
          Cookies = []
]]></system-out>
  </testcase>
</testsuite>